<?xml version="1.0" encoding="UTF-8"?>
<testsuite name="edu.csula.acquisition.IMDBCollectorTest" tests="2" skipped="0" failures="0" errors="0" timestamp="2016-04-24T17:26:09" hostname="vrushank" time="0.85">
  <properties/>
  <testcase name="testIMDB" classname="edu.csula.acquisition.IMDBCollectorTest" time="0.843"/>
  <testcase name="testIMDBJson" classname="edu.csula.acquisition.IMDBCollectorTest" time="0.006"/>
  <system-out><![CDATA[]]></system-out>
  <system-err><![CDATA[Apr 24, 2016 10:26:10 AM com.mongodb.diagnostics.logging.JULLogger log
INFO: Cluster created with settings {hosts=[localhost:27017], mode=SINGLE, requiredClusterType=UNKNOWN, serverSelectionTimeout='30000 ms', maxWaitQueueSize=500}
Apr 24, 2016 10:26:10 AM com.mongodb.diagnostics.logging.JULLogger log
INFO: Opened connection [connectionId{localValue:1, serverValue:88706}] to localhost:27017
Apr 24, 2016 10:26:10 AM com.mongodb.diagnostics.logging.JULLogger log
INFO: Monitor thread successfully connected to server with description ServerDescription{address=localhost:27017, type=STANDALONE, state=CONNECTED, ok=true, version=ServerVersion{versionList=[3, 2, 4]}, minWireVersion=0, maxWireVersion=4, maxDocumentSize=16777216, roundTripTimeNanos=911603}
Apr 24, 2016 10:26:10 AM com.mongodb.diagnostics.logging.JULLogger log
INFO: Opened connection [connectionId{localValue:2, serverValue:88707}] to localhost:27017
Apr 24, 2016 10:26:10 AM com.mongodb.diagnostics.logging.JULLogger log
INFO: Cluster created with settings {hosts=[localhost:27017], mode=SINGLE, requiredClusterType=UNKNOWN, serverSelectionTimeout='30000 ms', maxWaitQueueSize=500}
]]></system-err>
</testsuite>
