<?xml version="1.0" encoding="UTF-8"?>
<testsuite name="org.gradle.PersonTest" tests="1" skipped="0" failures="0" errors="0" timestamp="2016-04-24T20:02:05" hostname="Ami-PC" time="0.006">
  <properties/>
  <testcase name="canConstructAPersonWithAName" classname="org.gradle.PersonTest" time="0.006"/>
  <system-out><![CDATA[]]></system-out>
  <system-err><![CDATA[]]></system-err>
</testsuite>
